<?xml version="1.0" encoding="UTF-8"?>
<testsuite xmlns:xsi="http://www.w3.org/2001/XMLSchema-instance" xsi:noNamespaceSchemaLocation="https://maven.apache.org/surefire/maven-surefire-plugin/xsd/surefire-test-report.xsd" version="3.0.2" name="com.example.planify.PlanifyApplicationTests" time="13.021" tests="1" errors="0" skipped="0" failures="0">
  <properties>
[...]
</properties>
  <testcase name="contextLoads" classname="com.example.planify.PlanifyApplicationTests" time="0.552">
    <system-out><![CDATA[14:49:40.816 [main] INFO org.springframework.test.context.support.AnnotationConfigContextLoaderUtils -- Could not detect default configuration classes for test class [com.example.planify.PlanifyApplicationTests]: PlanifyApplicationTests does not declare any static, non-private, non-final, nested classes annotated with @Configuration.
14:49:41.020 [main] INFO org.springframework.boot.test.context.SpringBootTestContextBootstrapper -- Found @SpringBootConfiguration com.example.planify.PlanifyApplication for test class com.example.planify.PlanifyApplicationTests
14:49:41.290 [main] INFO org.springframework.boot.devtools.restart.RestartApplicationListener -- Restart disabled due to context in which it is running

  .   ____          _            __ _ _
 /\\ / ___'_ __ _ _(_)_ __  __ _ \ \ \ \
( ( )\___ | '_ | '_| | '_ \/ _` | \ \ \ \
 \\/  ___)| |_)| | | | | || (_| |  ) ) ) )
  '  |____| .__|_| |_|_| |_\__, | / / / /
 =========|_|==============|___/=/_/_/_/

 :: Spring Boot ::                (v3.4.3)

2025-05-29T14:49:41.753+03:00  INFO 10604 --- [planify] [           main] c.e.planify.PlanifyApplicationTests      : Starting PlanifyApplicationTests using Java 19.0.2 with PID 10604 (started by Edi in E:\AN3\SEM2\project-MichiMauser\planify)
2025-05-29T14:49:41.753+03:00  INFO 10604 --- [planify] [           main] c.e.planify.PlanifyApplicationTests      : No active profile set, falling back to 1 default profile: "default"
2025-05-29T14:49:43.416+03:00  INFO 10604 --- [planify] [           main] .s.d.r.c.RepositoryConfigurationDelegate : Multiple Spring Data modules found, entering strict repository configuration mode
2025-05-29T14:49:43.420+03:00  INFO 10604 --- [planify] [           main] .s.d.r.c.RepositoryConfigurationDelegate : Bootstrapping Spring Data JDBC repositories in DEFAULT mode.
2025-05-29T14:49:43.480+03:00  INFO 10604 --- [planify] [           main] .RepositoryConfigurationExtensionSupport : Spring Data JDBC - Could not safely identify store assignment for repository candidate interface com.example.planify.repository.AchievementRepository; If you want this repository to be a JDBC repository, consider annotating your entities with one of these annotations: org.springframework.data.relational.core.mapping.Table.
2025-05-29T14:49:43.484+03:00  INFO 10604 --- [planify] [           main] .RepositoryConfigurationExtensionSupport : Spring Data JDBC - Could not safely identify store assignment for repository candidate interface com.example.planify.repository.GroupChatRepository; If you want this repository to be a JDBC repository, consider annotating your entities with one of these annotations: org.springframework.data.relational.core.mapping.Table.
2025-05-29T14:49:43.484+03:00  INFO 10604 --- [planify] [           main] .RepositoryConfigurationExtensionSupport : Spring Data JDBC - Could not safely identify store assignment for repository candidate interface com.example.planify.repository.MessageRepository; If you want this repository to be a JDBC repository, consider annotating your entities with one of these annotations: org.springframework.data.relational.core.mapping.Table.
2025-05-29T14:49:43.492+03:00  INFO 10604 --- [planify] [           main] .RepositoryConfigurationExtensionSupport : Spring Data JDBC - Could not safely identify store assignment for repository candidate interface com.example.planify.repository.NotebookRepository; If you want this repository to be a JDBC repository, consider annotating your entities with one of these annotations: org.springframework.data.relational.core.mapping.Table.
2025-05-29T14:49:43.492+03:00  INFO 10604 --- [planify] [           main] .RepositoryConfigurationExtensionSupport : Spring Data JDBC - Could not safely identify store assignment for repository candidate interface com.example.planify.repository.UserRepository; If you want this repository to be a JDBC repository, consider annotating your entities with one of these annotations: org.springframework.data.relational.core.mapping.Table.
2025-05-29T14:49:43.492+03:00  INFO 10604 --- [planify] [           main] .s.d.r.c.RepositoryConfigurationDelegate : Finished Spring Data repository scanning in 64 ms. Found 0 JDBC repository interfaces.
2025-05-29T14:49:43.516+03:00  INFO 10604 --- [planify] [           main] .s.d.r.c.RepositoryConfigurationDelegate : Multiple Spring Data modules found, entering strict repository configuration mode
2025-05-29T14:49:43.516+03:00  INFO 10604 --- [planify] [           main] .s.d.r.c.RepositoryConfigurationDelegate : Bootstrapping Spring Data JPA repositories in DEFAULT mode.
2025-05-29T14:49:43.585+03:00  INFO 10604 --- [planify] [           main] .s.d.r.c.RepositoryConfigurationDelegate : Finished Spring Data repository scanning in 58 ms. Found 5 JPA repository interfaces.
2025-05-29T14:49:44.677+03:00  INFO 10604 --- [planify] [           main] o.hibernate.jpa.internal.util.LogHelper  : HHH000204: Processing PersistenceUnitInfo [name: default]
2025-05-29T14:49:44.793+03:00  INFO 10604 --- [planify] [           main] org.hibernate.Version                    : HHH000412: Hibernate ORM core version 6.6.8.Final
2025-05-29T14:49:44.853+03:00  INFO 10604 --- [planify] [           main] o.h.c.internal.RegionFactoryInitiator    : HHH000026: Second-level cache disabled
2025-05-29T14:49:45.530+03:00  INFO 10604 --- [planify] [           main] o.s.o.j.p.SpringPersistenceUnitInfo      : No LoadTimeWeaver setup: ignoring JPA class transformer
2025-05-29T14:49:45.590+03:00  INFO 10604 --- [planify] [           main] com.zaxxer.hikari.HikariDataSource       : HikariPool-1 - Starting...
2025-05-29T14:49:46.092+03:00  INFO 10604 --- [planify] [           main] com.zaxxer.hikari.pool.HikariPool        : HikariPool-1 - Added connection com.mysql.cj.jdbc.ConnectionImpl@1626bddf
2025-05-29T14:49:46.096+03:00  INFO 10604 --- [planify] [           main] com.zaxxer.hikari.HikariDataSource       : HikariPool-1 - Start completed.
2025-05-29T14:49:46.180+03:00  WARN 10604 --- [planify] [           main] org.hibernate.orm.deprecation            : HHH90000025: MySQLDialect does not need to be specified explicitly using 'hibernate.dialect' (remove the property setting and it will be selected by default)
2025-05-29T14:49:46.208+03:00  INFO 10604 --- [planify] [           main] org.hibernate.orm.connections.pooling    : HHH10001005: Database info:
	Database JDBC URL [Connecting through datasource 'HikariDataSource (HikariPool-1)']
	Database driver: undefined/unknown
	Database version: 8.0.34
	Autocommit mode: undefined/unknown
	Isolation level: undefined/unknown
	Minimum pool size: undefined/unknown
	Maximum pool size: undefined/unknown
2025-05-29T14:49:48.065+03:00  INFO 10604 --- [planify] [           main] o.h.e.t.j.p.i.JtaPlatformInitiator       : HHH000489: No JTA platform available (set 'hibernate.transaction.jta.platform' to enable JTA platform integration)
Hibernate: alter table achievement_user drop foreign key FK5smaf4eitwp5jh1cckhwcqrbm
Hibernate: alter table achievement_user drop foreign key FK2iel2ukivr99i0c7ajsanbqsv
Hibernate: alter table message drop foreign key FK7rdkibijd0tec8otlr1kj917f
Hibernate: alter table notebook drop foreign key FK5wxiq4t1i6eudqtece24teeqh
Hibernate: alter table notebook_notebook drop foreign key FKtf7k2elin6hk2pl49ud9j6l38
Hibernate: alter table notebook_notebook drop foreign key FKj11ltaqxhhdin2p27rqoo5yp9
Hibernate: alter table smart_notebook_response drop foreign key FK1v6y53rcljf40eb90da1u4suj
Hibernate: alter table user_groupchat drop foreign key FKnw8u4959sksn553q80dkfw48o
Hibernate: alter table user_groupchat drop foreign key FKdsodstlrte6u0rdxgp6vsrx42
Hibernate: drop table if exists achievement
Hibernate: drop table if exists achievement_user
Hibernate: drop table if exists group_chat
Hibernate: drop table if exists message
Hibernate: drop table if exists notebook
Hibernate: drop table if exists notebook_notebook
Hibernate: drop table if exists smart_notebook_response
Hibernate: drop table if exists user
Hibernate: drop table if exists user_groupchat
Hibernate: create table achievement (number integer, date datetime(6), id bigint not null, name varchar(255), primary key (id)) engine=InnoDB
Hibernate: create table achievement_user (achievement_id bigint not null, user_id bigint not null) engine=InnoDB
Hibernate: create table group_chat (id bigint not null auto_increment, name varchar(255), primary key (id)) engine=InnoDB
Hibernate: create table message (group_id bigint, id bigint not null auto_increment, timestamp datetime(6), message varchar(255), sender varchar(255), primary key (id)) engine=InnoDB
Hibernate: create table notebook (date datetime(6), id bigint not null auto_increment, user_id bigint, dtype varchar(31) not null, analyze_response varchar(255), notebook_name varchar(255) not null, notes varchar(255), resolution varchar(255), title varchar(255), primary key (id)) engine=InnoDB
Hibernate: create table notebook_notebook (archive_id bigint not null, notebook_id bigint not null) engine=InnoDB
Hibernate: create table smart_notebook_response (smart_notebook_id bigint not null, response varchar(255)) engine=InnoDB
Hibernate: create table user (age integer, gender tinyint check (gender between 0 and 2), id bigint not null auto_increment, email varchar(255), first_name varchar(255), last_name varchar(255), password varchar(255), role varchar(255), primary key (id)) engine=InnoDB
Hibernate: create table user_groupchat (groupchat_id bigint not null, user_id bigint not null) engine=InnoDB
Hibernate: alter table notebook_notebook add constraint UKbxn1v1rxy56dbuwohe2nai1vi unique (notebook_id)
Hibernate: alter table achievement_user add constraint FK5smaf4eitwp5jh1cckhwcqrbm foreign key (user_id) references user (id)
Hibernate: alter table achievement_user add constraint FK2iel2ukivr99i0c7ajsanbqsv foreign key (achievement_id) references achievement (id)
Hibernate: alter table message add constraint FK7rdkibijd0tec8otlr1kj917f foreign key (group_id) references group_chat (id)
Hibernate: alter table notebook add constraint FK5wxiq4t1i6eudqtece24teeqh foreign key (user_id) references user (id)
Hibernate: alter table notebook_notebook add constraint FKtf7k2elin6hk2pl49ud9j6l38 foreign key (notebook_id) references notebook (id)
Hibernate: alter table notebook_notebook add constraint FKj11ltaqxhhdin2p27rqoo5yp9 foreign key (archive_id) references notebook (id)
Hibernate: alter table smart_notebook_response add constraint FK1v6y53rcljf40eb90da1u4suj foreign key (smart_notebook_id) references notebook (id)
Hibernate: alter table user_groupchat add constraint FKnw8u4959sksn553q80dkfw48o foreign key (groupchat_id) references group_chat (id)
Hibernate: alter table user_groupchat add constraint FKdsodstlrte6u0rdxgp6vsrx42 foreign key (user_id) references user (id)
2025-05-29T14:49:48.923+03:00  INFO 10604 --- [planify] [           main] j.LocalContainerEntityManagerFactoryBean : Initialized JPA EntityManagerFactory for persistence unit 'default'
2025-05-29T14:49:50.210+03:00  WARN 10604 --- [planify] [           main] JpaBaseConfiguration$JpaWebConfiguration : spring.jpa.open-in-view is enabled by default. Therefore, database queries may be performed during view rendering. Explicitly configure spring.jpa.open-in-view to disable this warning
2025-05-29T14:49:52.692+03:00  WARN 10604 --- [planify] [           main] .s.s.UserDetailsServiceAutoConfiguration : 

Using generated security password: b7bd0fb4-4946-4d9b-87a8-5f12d069e58d

This generated password is for development use only. Your security configuration must be updated before running your application in production.

2025-05-29T14:49:52.712+03:00  INFO 10604 --- [planify] [           main] r$InitializeUserDetailsManagerConfigurer : Global AuthenticationManager configured with UserDetailsService bean with name inMemoryUserDetailsManager
2025-05-29T14:49:52.959+03:00  INFO 10604 --- [planify] [           main] o.s.m.s.b.SimpleBrokerMessageHandler     : Starting...
2025-05-29T14:49:52.959+03:00  INFO 10604 --- [planify] [           main] o.s.m.s.b.SimpleBrokerMessageHandler     : BrokerAvailabilityEvent[available=true, SimpleBrokerMessageHandler [org.springframework.messaging.simp.broker.DefaultSubscriptionRegistry@2a7b4b19]]
2025-05-29T14:49:52.963+03:00  INFO 10604 --- [planify] [           main] o.s.m.s.b.SimpleBrokerMessageHandler     : Started.
2025-05-29T14:49:52.979+03:00  INFO 10604 --- [planify] [           main] c.e.planify.PlanifyApplicationTests      : Started PlanifyApplicationTests in 11.705 seconds (process running for 13.763)
]]></system-out>
  </testcase>
</testsuite>